
GET /contacts 23-12-2023_08:18:28
GET /contacts 23-12-2023_08:18:58
GET /contacts 23-12-2023_08:19:00
GET /contacts 23-12-2023_08:19:07
GET /contacts 23-12-2023_08:32:51
GET /contacts 23-12-2023_08:33:44
GET /contacts 24-12-2023_05:52:17
GET /api/contacts 25-12-2023_09:00:50
GET /api/contacts 25-12-2023_09:01:43
GET / 25-12-2023_09:01:51
GET /api/contacts 25-12-2023_09:01:56
GET /api/contacts 25-12-2023_10:05:27
POST /api/contacts 05-01-2024_08:47:20
GET /api/auth/login%0A%0A 05-01-2024_08:48:35
GET /api/auth/login%0A%0A 05-01-2024_08:49:31
POST /api/auth/login%0A%0A 05-01-2024_08:49:55
POST /api/auth/login%0A%0A 05-01-2024_08:50:44
POST /api/auth/login%0A%0A 05-01-2024_08:50:46
POST /api/auth/login 05-01-2024_08:51:36
POST /api/auth/login 05-01-2024_08:51:53
POST /api/auth/login 05-01-2024_08:52:01
POST /api/auth/login 05-01-2024_08:53:27
POST /api/auth/login 05-01-2024_09:07:12
POST /api/contacts 05-01-2024_09:08:01
POST /api/auth/login 05-01-2024_09:11:08
GET /api/contacts 05-01-2024_09:11:51
POST /api/contacts 05-01-2024_09:12:02
POST /api/contacts 05-01-2024_09:13:19
GET /api/contacts 05-01-2024_09:13:27
POST /api/contacts 05-01-2024_09:13:55
DELETE /api/contacts/658f21a042473a914297a669 05-01-2024_09:15:28
DELETE /api/contacts/658f21a042473a914297a669 05-01-2024_09:16:10
POST /api/auth/login 05-01-2024_09:30:52
POST /api/contacts/658f21a042473a914297a669 05-01-2024_09:31:34
GET /api/contacts 05-01-2024_09:32:38
POST /api/contacts 05-01-2024_09:32:52
POST /api/contacts 05-01-2024_09:38:02
GET /api/contacts 06-01-2024_05:15:23
GET /api/auth/login 06-01-2024_05:16:00
POST /api/auth/login 06-01-2024_05:16:05
POST /api/auth/login 06-01-2024_05:16:21
GET /api/auth/current 06-01-2024_05:33:06
GET /api/contacts 06-01-2024_05:33:20
POST /api/contacts 06-01-2024_05:34:19
POST /api/contacts 06-01-2024_05:37:23
POST /api/auth/logout 06-01-2024_05:52:49
POST /api/auth/login 06-01-2024_05:53:30
POST /api/auth/logout 06-01-2024_05:54:01
POST /api/auth/login 06-01-2024_06:21:52